This is pdfTeX, Version 3.14159265-2.6-1.40.17 (MiKTeX 2.9.6210 64-bit) (preloaded format=pdflatex 2017.2.11)  20 FEB 2017 18:10
entering extended mode
**./Lab_Template.tex
(Lab_Template.tex
LaTeX2e <2017/01/01> patch level 1
Babel <3.9r> and hyphenation patterns for 76 language(s) loaded.
(C:\Users\Danielaa\Desktop\miktexDownl\tex\latex\base\article.cls
Document Class: article 2014/09/29 v1.4h Standard LaTeX document class
(C:\Users\Danielaa\Desktop\miktexDownl\tex\latex\base\size12.clo
File: size12.clo 2014/09/29 v1.4h Standard LaTeX file (size option)
)
\c@part=\count79
\c@section=\count80
\c@subsection=\count81
\c@subsubsection=\count82
\c@paragraph=\count83
\c@subparagraph=\count84
\c@figure=\count85
\c@table=\count86
\abovecaptionskip=\skip41
\belowcaptionskip=\skip42
\bibindent=\dimen102
)
(C:\Users\Danielaa\Desktop\miktexDownl\tex\latex\pdfpages\pdfpages.sty
Package: pdfpages 2017/01/14 v0.5h Insert pages of external PDF documents (AM)

(C:\Users\Danielaa\Desktop\miktexDownl\tex\latex\base\ifthen.sty
Package: ifthen 2014/09/29 v1.1c Standard LaTeX ifthen package (DPC)
)
(C:\Users\Danielaa\Desktop\miktexDownl\tex\latex\tools\calc.sty
Package: calc 2014/10/28 v4.3 Infix arithmetic (KKT,FJ)
\calc@Acount=\count87
\calc@Bcount=\count88
\calc@Adimen=\dimen103
\calc@Bdimen=\dimen104
\calc@Askip=\skip43
\calc@Bskip=\skip44
LaTeX Info: Redefining \setlength on input line 80.
LaTeX Info: Redefining \addtolength on input line 81.
\calc@Ccount=\count89
\calc@Cskip=\skip45
)
(C:\Users\Danielaa\Desktop\miktexDownl\tex\latex\eso-pic\eso-pic.sty
Package: eso-pic 2015/07/21 v2.0g eso-pic (RN)

(C:\Users\Danielaa\Desktop\miktexDownl\tex\generic\oberdiek\atbegshi.sty
Package: atbegshi 2016/06/09 v1.18 At begin shipout hook (HO)

(C:\Users\Danielaa\Desktop\miktexDownl\tex\generic\oberdiek\infwarerr.sty
Package: infwarerr 2016/05/16 v1.4 Providing info/warning/error messages (HO)
)
(C:\Users\Danielaa\Desktop\miktexDownl\tex\generic\oberdiek\ltxcmds.sty
Package: ltxcmds 2016/05/16 v1.23 LaTeX kernel commands for general use (HO)
)
(C:\Users\Danielaa\Desktop\miktexDownl\tex\generic\oberdiek\ifpdf.sty
Package: ifpdf 2016/05/14 v3.1 Provides the ifpdf switch
))
(C:\Users\Danielaa\Desktop\miktexDownl\tex\latex\graphics\keyval.sty
Package: keyval 2014/10/28 v1.15 key=value parser (DPC)
\KV@toks@=\toks14
)
(C:\Users\Danielaa\Desktop\miktexDownl\tex\latex\xcolor\xcolor.sty
Package: xcolor 2016/05/11 v2.12 LaTeX color extensions (UK)

(C:\Users\Danielaa\Desktop\miktexDownl\tex\latex\graphics-cfg\color.cfg
File: color.cfg 2016/01/02 v1.6 sample color configuration
)
Package xcolor Info: Driver file: pdftex.def on input line 225.

(C:\Users\Danielaa\Desktop\miktexDownl\tex\latex\graphics-def\pdftex.def
File: pdftex.def 2017/01/12 v0.06k Graphics/color for pdfTeX
\Gread@gobject=\count90
)
Package xcolor Info: Model `cmy' substituted by `cmy0' on input line 1348.
Package xcolor Info: Model `hsb' substituted by `rgb' on input line 1352.
Package xcolor Info: Model `RGB' extended on input line 1364.
Package xcolor Info: Model `HTML' substituted by `rgb' on input line 1366.
Package xcolor Info: Model `Hsb' substituted by `hsb' on input line 1367.
Package xcolor Info: Model `tHsb' substituted by `hsb' on input line 1368.
Package xcolor Info: Model `HSB' substituted by `hsb' on input line 1369.
Package xcolor Info: Model `Gray' substituted by `gray' on input line 1370.
Package xcolor Info: Model `wave' substituted by `hsb' on input line 1371.
))
(C:\Users\Danielaa\Desktop\miktexDownl\tex\latex\graphics\graphicx.sty
Package: graphicx 2014/10/28 v1.0g Enhanced LaTeX Graphics (DPC,SPQR)

(C:\Users\Danielaa\Desktop\miktexDownl\tex\latex\graphics\graphics.sty
Package: graphics 2016/10/09 v1.0u Standard LaTeX Graphics (DPC,SPQR)

(C:\Users\Danielaa\Desktop\miktexDownl\tex\latex\graphics\trig.sty
Package: trig 2016/01/03 v1.10 sin cos tan (DPC)
)
(C:\Users\Danielaa\Desktop\miktexDownl\tex\latex\graphics-cfg\graphics.cfg
File: graphics.cfg 2016/06/04 v1.11 sample graphics configuration
)
Package graphics Info: Driver file: pdftex.def on input line 99.
)
\Gin@req@height=\dimen105
\Gin@req@width=\dimen106
)
\AM@pagewidth=\dimen107
\AM@pageheight=\dimen108

(C:\Users\Danielaa\Desktop\miktexDownl\tex\latex\pdfpages\pppdftex.def
File: pppdftex.def 2017/01/14 v0.5h Pdfpages driver for pdfTeX (AM)
)
\AM@pagebox=\box26
\AM@global@opts=\toks15
\AM@toc@title=\toks16
\c@AM@survey=\count91
\AM@templatesizebox=\box27
)
(C:\Users\Danielaa\Desktop\miktexDownl\tex\latex\hyperref\hyperref.sty
Package: hyperref 2016/06/24 v6.83q Hypertext links for LaTeX

(C:\Users\Danielaa\Desktop\miktexDownl\tex\generic\oberdiek\hobsub-hyperref.sty
Package: hobsub-hyperref 2016/05/16 v1.14 Bundle oberdiek, subset hyperref (HO)

(C:\Users\Danielaa\Desktop\miktexDownl\tex\generic\oberdiek\hobsub-generic.sty
Package: hobsub-generic 2016/05/16 v1.14 Bundle oberdiek, subset generic (HO)
Package: hobsub 2016/05/16 v1.14 Construct package bundles (HO)
Package hobsub Info: Skipping package `infwarerr' (already loaded).
Package hobsub Info: Skipping package `ltxcmds' (already loaded).
Package: ifluatex 2016/05/16 v1.4 Provides the ifluatex switch (HO)
Package ifluatex Info: LuaTeX not detected.
Package: ifvtex 2016/05/16 v1.6 Detect VTeX and its facilities (HO)
Package ifvtex Info: VTeX not detected.
Package: intcalc 2016/05/16 v1.2 Expandable calculations with integers (HO)
Package hobsub Info: Skipping package `ifpdf' (already loaded).
Package: etexcmds 2016/05/16 v1.6 Avoid name clashes with e-TeX commands (HO)
Package etexcmds Info: Could not find \expanded.
(etexcmds)             That can mean that you are not using pdfTeX 1.50 or
(etexcmds)             that some package has redefined \expanded.
(etexcmds)             In the latter case, load this package earlier.
Package: kvsetkeys 2016/05/16 v1.17 Key value parser (HO)
Package: kvdefinekeys 2016/05/16 v1.4 Define keys (HO)
Package: pdftexcmds 2016/05/21 v0.22 Utility functions of pdfTeX for LuaTeX (HO
)
Package pdftexcmds Info: LuaTeX not detected.
Package pdftexcmds Info: \pdf@primitive is available.
Package pdftexcmds Info: \pdf@ifprimitive is available.
Package pdftexcmds Info: \pdfdraftmode found.
Package: pdfescape 2016/05/16 v1.14 Implements pdfTeX's escape features (HO)
Package: bigintcalc 2016/05/16 v1.4 Expandable calculations on big integers (HO
)
Package: bitset 2016/05/16 v1.2 Handle bit-vector datatype (HO)
Package: uniquecounter 2016/05/16 v1.3 Provide unlimited unique counter (HO)
)
Package hobsub Info: Skipping package `hobsub' (already loaded).
Package: letltxmacro 2016/05/16 v1.5 Let assignment for LaTeX macros (HO)
Package: hopatch 2016/05/16 v1.3 Wrapper for package hooks (HO)
Package: xcolor-patch 2016/05/16 xcolor patch
Package: atveryend 2016/05/16 v1.9 Hooks at the very end of document (HO)
Package atveryend Info: \enddocument detected (standard20110627).
Package hobsub Info: Skipping package `atbegshi' (already loaded).
Package: refcount 2016/05/16 v3.5 Data extraction from label references (HO)
Package: hycolor 2016/05/16 v1.8 Color options for hyperref/bookmark (HO)
) (C:\Users\Danielaa\Desktop\miktexDownl\tex\generic\ifxetex\ifxetex.sty
Package: ifxetex 2010/09/12 v0.6 Provides ifxetex conditional
)
(C:\Users\Danielaa\Desktop\miktexDownl\tex\latex\oberdiek\auxhook.sty
Package: auxhook 2016/05/16 v1.4 Hooks for auxiliary files (HO)
)
(C:\Users\Danielaa\Desktop\miktexDownl\tex\latex\oberdiek\kvoptions.sty
Package: kvoptions 2016/05/16 v3.12 Key value format for package options (HO)
)
\@linkdim=\dimen109
\Hy@linkcounter=\count92
\Hy@pagecounter=\count93

(C:\Users\Danielaa\Desktop\miktexDownl\tex\latex\hyperref\pd1enc.def
File: pd1enc.def 2016/06/24 v6.83q Hyperref: PDFDocEncoding definition (HO)
)
\Hy@SavedSpaceFactor=\count94

(C:\Users\Danielaa\Desktop\miktexDownl\tex\latex\00miktex\hyperref.cfg
File: hyperref.cfg 2002/06/06 v1.2 hyperref configuration of TeXLive
)
Package hyperref Info: Hyper figures OFF on input line 4486.
Package hyperref Info: Link nesting OFF on input line 4491.
Package hyperref Info: Hyper index ON on input line 4494.
Package hyperref Info: Plain pages OFF on input line 4501.
Package hyperref Info: Backreferencing OFF on input line 4506.
Package hyperref Info: Implicit mode ON; LaTeX internals redefined.
Package hyperref Info: Bookmarks ON on input line 4735.
\c@Hy@tempcnt=\count95

(C:\Users\Danielaa\Desktop\miktexDownl\tex\latex\url\url.sty
\Urlmuskip=\muskip10
Package: url 2013/09/16  ver 3.4  Verb mode for urls, etc.
)
LaTeX Info: Redefining \url on input line 5088.
\XeTeXLinkMargin=\dimen110
\Fld@menulength=\count96
\Field@Width=\dimen111
\Fld@charsize=\dimen112
Package hyperref Info: Hyper figures OFF on input line 6342.
Package hyperref Info: Link nesting OFF on input line 6347.
Package hyperref Info: Hyper index ON on input line 6350.
Package hyperref Info: backreferencing OFF on input line 6357.
Package hyperref Info: Link coloring OFF on input line 6362.
Package hyperref Info: Link coloring with OCG OFF on input line 6367.
Package hyperref Info: PDF/A mode OFF on input line 6372.
LaTeX Info: Redefining \ref on input line 6412.
LaTeX Info: Redefining \pageref on input line 6416.
\Hy@abspage=\count97
\c@Item=\count98
\c@Hfootnote=\count99
)

Package hyperref Message: Driver (autodetected): hpdftex.

(C:\Users\Danielaa\Desktop\miktexDownl\tex\latex\hyperref\hpdftex.def
File: hpdftex.def 2016/06/24 v6.83q Hyperref driver for pdfTeX
\Fld@listcount=\count100
\c@bookmark@seq@number=\count101

(C:\Users\Danielaa\Desktop\miktexDownl\tex\latex\oberdiek\rerunfilecheck.sty
Package: rerunfilecheck 2016/05/16 v1.8 Rerun checks for auxiliary files (HO)
Package uniquecounter Info: New unique counter `rerunfilecheck' on input line 2
82.
)
\Hy@SectionHShift=\skip46
)
(Lab_Template.aux)
\openout1 = `Lab_Template.aux'.

LaTeX Font Info:    Checking defaults for OML/cmm/m/it on input line 10.
LaTeX Font Info:    ... okay on input line 10.
LaTeX Font Info:    Checking defaults for T1/cmr/m/n on input line 10.
LaTeX Font Info:    ... okay on input line 10.
LaTeX Font Info:    Checking defaults for OT1/cmr/m/n on input line 10.
LaTeX Font Info:    ... okay on input line 10.
LaTeX Font Info:    Checking defaults for OMS/cmsy/m/n on input line 10.
LaTeX Font Info:    ... okay on input line 10.
LaTeX Font Info:    Checking defaults for OMX/cmex/m/n on input line 10.
LaTeX Font Info:    ... okay on input line 10.
LaTeX Font Info:    Checking defaults for U/cmr/m/n on input line 10.
LaTeX Font Info:    ... okay on input line 10.
LaTeX Font Info:    Checking defaults for PD1/pdf/m/n on input line 10.
LaTeX Font Info:    ... okay on input line 10.
\AtBeginShipoutBox=\box28

(C:\Users\Danielaa\Desktop\miktexDownl\tex\context\base\supp-pdf.mkii
[Loading MPS to PDF converter (version 2006.09.02).]
\scratchcounter=\count102
\scratchdimen=\dimen113
\scratchbox=\box29
\nofMPsegments=\count103
\nofMParguments=\count104
\everyMPshowfont=\toks17
\MPscratchCnt=\count105
\MPscratchDim=\dimen114
\MPnumerator=\count106
\makeMPintoPDFobject=\count107
\everyMPtoPDFconversion=\toks18
) (C:\Users\Danielaa\Desktop\miktexDownl\tex\latex\oberdiek\epstopdf-base.sty
Package: epstopdf-base 2016/05/15 v2.6 Base part for package epstopdf

(C:\Users\Danielaa\Desktop\miktexDownl\tex\latex\oberdiek\grfext.sty
Package: grfext 2016/05/16 v1.2 Manage graphics extensions (HO)
)
Package epstopdf-base Info: Redefining graphics rule for `.eps' on input line 4
38.
Package grfext Info: Graphics extension search list:
(grfext)             [.png,.pdf,.jpg,.mps,.jpeg,.jbig2,.jb2,.PNG,.PDF,.JPG,.JPE
G,.JBIG2,.JB2,.eps]
(grfext)             \AppendGraphicsExtensions on input line 456.
)
(C:\Users\Danielaa\Desktop\miktexDownl\tex\latex\oberdiek\pdflscape.sty
Package: pdflscape 2016/05/14 v0.11 Display of landscape pages in PDF (HO)

(C:\Users\Danielaa\Desktop\miktexDownl\tex\latex\graphics\lscape.sty
Package: lscape 2000/10/22 v3.01 Landscape Pages (DPC)
)
Package pdflscape Info: Auto-detected driver: pdftex on input line 81.
)
Package hyperref Info: Link coloring OFF on input line 10.

(C:\Users\Danielaa\Desktop\miktexDownl\tex\latex\hyperref\nameref.sty
Package: nameref 2016/05/21 v2.44 Cross-referencing by name of section

(C:\Users\Danielaa\Desktop\miktexDownl\tex\generic\oberdiek\gettitlestring.sty
Package: gettitlestring 2016/05/16 v1.5 Cleanup title references (HO)
)
\c@section@level=\count108
)
LaTeX Info: Redefining \ref on input line 10.
LaTeX Info: Redefining \pageref on input line 10.
LaTeX Info: Redefining \nameref on input line 10.
 (Lab_Template.out) (Lab_Template.out)
\@outlinefile=\write3
\openout3 = `Lab_Template.out'.

 (Title.tex
LaTeX Font Info:    External font `cmex10' loaded for size
(Font)              <12> on input line 40.
LaTeX Font Info:    External font `cmex10' loaded for size
(Font)              <8> on input line 40.
LaTeX Font Info:    External font `cmex10' loaded for size
(Font)              <6> on input line 40.
 [1

{C:/Users/Danielaa/AppData/Local/MiKTeX/2.9/pdftex/config/pdftex.map}]) (Introd
uction.texpdfTeX warning (ext4): destination with the same identifier (name{pag
e.1}) has been already used, duplicate ignored
<to be read again> 
                   \relax 
l.10 \clearpage
                [1


]) (Capitolul1.tex
Underfull \hbox (badness 10000) in paragraph at lines 4--14

 []

<png2pdf.pdf, id=41, 481.8pt x 73.77562pt>
File: png2pdf.pdf Graphic file (type pdf)
 <use png2pdf.pdf>
Package pdftex.def Info: png2pdf.pdf used on input line 20.
(pdftex.def)             Requested size: 481.79881pt x 73.77542pt.

Overfull \hbox (91.79881pt too wide) in paragraph at lines 20--21
 [][] 
 []


Overfull \hbox (15.7598pt too wide) in paragraph at lines 16--22
| \OT1/cmr/m/n/12 Linkul la re-poz-i-to-riu este \OT1/cmr/bx/n/12 https://githu
b.com/daniela-cazac/MIDPS 
 []


Overfull \hbox (80.06448pt too wide) in paragraph at lines 16--22
\OT1/cmr/m/n/12 Pentru a \OT1/cmr/bx/n/12 ini-tial-iza un re-poz-i-to-riu\OT1/c
mr/m/n/12 , este nece-sar sa acce-sam site-ul : \OT1/cmr/bx/n/12 https://github
.com/
 []

[2


 <./png2pdf.pdf>]
Missing character: There is no ‚ in font cmbx12!
Missing character: There is no Ä in font cmbx12!
Missing character: There is no ì in font cmbx12!
Missing character: There is no ‚ in font cmbx12!
Missing character: There is no Ä in font cmbx12!
Missing character: There is no ú in font cmbx12!
Missing character: There is no ‚ in font cmbx12!
Missing character: There is no Ä in font cmbx12!
Missing character: There is no ù in font cmbx12!
Missing character: There is no ‚ in font cmbx12!
Missing character: There is no Ä in font cmbx12!
Missing character: There is no ì in font cmbx12!
Missing character: There is no ‚ in font cmbx12!
Missing character: There is no Ä in font cmbx12!
Missing character: There is no ú in font cmbx12!
Missing character: There is no ‚ in font cmbx12!
Missing character: There is no Ä in font cmbx12!
Missing character: There is no ù in font cmbx12!
Missing character: There is no ‚ in font cmbx12!
Missing character: There is no Ä in font cmbx12!
Missing character: There is no ì in font cmbx12!
 <1.pdf, id=48, 370.38374pt x 204.765pt>
File: 1.pdf Graphic file (type pdf)
 <use 1.pdf>
Package pdftex.def Info: 1.pdf used on input line 27.
(pdftex.def)             Requested size: 370.38283pt x 204.76448pt.

[3

 <./1.pdf>] <3.pdf, id=56, 389.20406pt x 207.77625pt>
File: 3.pdf Graphic file (type pdf)
 <use 3.pdf>
Package pdftex.def Info: 3.pdf used on input line 34.
(pdftex.def)             Requested size: 389.20311pt x 207.77573pt.

<4.pdf, id=57, 329.73187pt x 75.28125pt>
File: 4.pdf Graphic file (type pdf)
 <use 4.pdf>
Package pdftex.def Info: 4.pdf used on input line 40.
(pdftex.def)             Requested size: 329.73105pt x 75.28105pt.
 [4

 <./3.pdf> <./4.pdf>]
<5.pdf, id=68, 412.54124pt x 306.39468pt>
File: 5.pdf Graphic file (type pdf)
 <use 5.pdf>
Package pdftex.def Info: 5.pdf used on input line 49.
(pdftex.def)             Requested size: 412.54024pt x 306.39394pt.

Overfull \hbox (22.54024pt too wide) in paragraph at lines 49--50
 [][] 
 []

[5

 <./5.pdf>]) (FirstCommit.tex
Underfull \hbox (badness 10000) in paragraph at lines 1--5

 []

<FirstComit.pdf, id=76, 371.88937pt x 217.5628pt>
File: FirstComit.pdf Graphic file (type pdf)
 <use FirstComit.pdf>
Package pdftex.def Info: FirstComit.pdf used on input line 8.
(pdftex.def)             Requested size: 371.88846pt x 217.56227pt.
 [6


 <./FirstComit.pdf>]) (RevertAnotherVersion.tex
Overfull \hbox (3.38203pt too wide) in paragraph at lines 1--5
\OT1/cmr/m/n/12 Ulterior vom ob-serva un mesaj care ne in-formeaza ca acum sun-
tem la FirstVer-
 []


Underfull \hbox (badness 10000) in paragraph at lines 1--5

 []

<FirstVersion.pdf, id=85, 423.83344pt x 284.56313pt>
File: FirstVersion.pdf Graphic file (type pdf)
 <use FirstVersion.pdf>
Package pdftex.def Info: FirstVersion.pdf used on input line 8.
(pdftex.def)             Requested size: 423.83238pt x 284.56242pt.

Overfull \hbox (33.83238pt too wide) in paragraph at lines 8--9
 [][] 
 []

[7


 <./FirstVersion.pdf>] <SecondVersion.pdf, id=93, 404.26031pt x 225.84375pt>
File: SecondVersion.pdf Graphic file (type pdf)

<use SecondVersion.pdf>
Package pdftex.def Info: SecondVersion.pdf used on input line 14.
(pdftex.def)             Requested size: 404.25932pt x 225.84319pt.

Overfull \hbox (14.25932pt too wide) in paragraph at lines 14--15
 [][] 
 []

<gitLog.pdf, id=94, 255.95625pt x 100.87688pt>
File: gitLog.pdf Graphic file (type pdf)
 <use gitLog.pdf>
Package pdftex.def Info: gitLog.pdf used on input line 18.
(pdftex.def)             Requested size: 255.95561pt x 100.87662pt.

<reset.pdf, id=95, 342.5297pt x 73.77562pt>
File: reset.pdf Graphic file (type pdf)
 <use reset.pdf>
Package pdftex.def Info: reset.pdf used on input line 22.
(pdftex.def)             Requested size: 342.52885pt x 73.77542pt.
 [8

 <./SecondVersion.pdf> <./gitLog.pdf> <./reset.pdf>]) (Branch.tex
<FirstBranch.pdf, id=109, 298.11375pt x 349.305pt>
File: FirstBranch.pdf Graphic file (type pdf)
 <use FirstBranch.pdf>
Package pdftex.def Info: FirstBranch.pdf used on input line 6.
(pdftex.def)             Requested size: 298.11302pt x 349.30414pt.

[9



 <./FirstBranch.pdf>]
<commitFirstBranch.pdf, id=117, 370.38374pt x 175.40532pt>
File: commitFirstBranch.pdf Graphic file (type pdf)

<use commitFirstBranch.pdf>
Package pdftex.def Info: commitFirstBranch.pdf used on input line 14.
(pdftex.def)             Requested size: 370.38283pt x 175.40488pt.
 [10

 <./commitFirstBranch.pdf>]) (EditingBranch.tex
<TestOnFirstBranch.pdf, id=125, 441.90094pt x 185.19188pt>
File: TestOnFirstBranch.pdf Graphic file (type pdf)

<use TestOnFirstBranch.pdf>
Package pdftex.def Info: TestOnFirstBranch.pdf used on input line 4.
(pdftex.def)             Requested size: 441.89986pt x 185.1914pt.

Overfull \hbox (51.89986pt too wide) in paragraph at lines 4--5
 [][] 
 []

<Conflict.pdf, id=126, 354.57469pt x 50.43843pt>
File: Conflict.pdf Graphic file (type pdf)
 <use Conflict.pdf>
Package pdftex.def Info: Conflict.pdf used on input line 11.
(pdftex.def)             Requested size: 354.57382pt x 50.4383pt.

<mergetool.pdf, id=127, 311.66437pt x 79.04532pt>
File: mergetool.pdf Graphic file (type pdf)
 <use mergetool.pdf>
Package pdftex.def Info: mergetool.pdf used on input line 17.
(pdftex.def)             Requested size: 311.6636pt x 79.0451pt.
 [11


 <./TestOnFirstBranch.pdf> <./Conflict.pdf> <./mergetool.pdf>]) (Merge.tex
<mergee1.pdf, id=141, 356.0803pt x 197.98969pt>
File: mergee1.pdf Graphic file (type pdf)
 <use mergee1.pdf>
Package pdftex.def Info: mergee1.pdf used on input line 12.
(pdftex.def)             Requested size: 356.07944pt x 197.9892pt.

Underfull \hbox (badness 10000) in paragraph at lines 1--14

 []

[12


 <./mergee1.pdf>] <penultim.pdf, id=150, 447.17062pt x 117.43875pt>
File: penultim.pdf Graphic file (type pdf)

<use penultim.pdf>
Package pdftex.def Info: penultim.pdf used on input line 20.
(pdftex.def)             Requested size: 447.16953pt x 117.43845pt.

Overfull \hbox (57.16953pt too wide) in paragraph at lines 20--21
 [][] 
 []

<ultim.pdf, id=151, 444.91219pt x 134.75343pt>
File: ultim.pdf Graphic file (type pdf)
 <use ultim.pdf>
Package pdftex.def Info: ultim.pdf used on input line 28.
(pdftex.def)             Requested size: 444.91109pt x 134.7531pt.

Overfull \hbox (54.91109pt too wide) in paragraph at lines 28--29
 [][] 
 []

[13

 <./penultim.pdf> <./ultim.pdf>]
<ultimCom.pdf, id=162, 386.94562pt x 235.63031pt>
File: ultimCom.pdf Graphic file (type pdf)
 <use ultimCom.pdf>
Package pdftex.def Info: ultimCom.pdf used on input line 35.
(pdftex.def)             Requested size: 386.94467pt x 235.62973pt.
) [14

 <./ultimCom.pdf>] (Tag.tex <tag.pdf, id=170, 443.40656pt x 137.7647pt>
File: tag.pdf Graphic file (type pdf)

<use tag.pdf>
Package pdftex.def Info: tag.pdf used on input line 6.
(pdftex.def)             Requested size: 443.40547pt x 137.76434pt.

Overfull \hbox (53.40547pt too wide) in paragraph at lines 6--7
 [][] 
 []

<pushtag.pdf, id=171, 446.41782pt x 70.01157pt>
File: pushtag.pdf Graphic file (type pdf)
 <use pushtag.pdf>
Package pdftex.def Info: pushtag.pdf used on input line 12.
(pdftex.def)             Requested size: 446.41672pt x 70.01138pt.

Overfull \hbox (56.41672pt too wide) in paragraph at lines 12--13
 [][] 
 []

) [15

 <./tag.pdf> <./pushtag.pdf>] (Concluzie.tex) [16

]
Package atveryend Info: Empty hook `BeforeClearDocument' on input line 51.
Package atveryend Info: Empty hook `AfterLastShipout' on input line 51.
 (Lab_Template.aux)
Package atveryend Info: Executing hook `AtVeryEndDocument' on input line 51.
Package atveryend Info: Executing hook `AtEndAfterFileList' on input line 51.
Package rerunfilecheck Info: File `Lab_Template.out' has not changed.
(rerunfilecheck)             Checksum: A7A39757CCEC3774FC102C862F18A43C;359.
Package atveryend Info: Empty hook `AtVeryVeryEnd' on input line 51.
 ) 
Here is how much of TeX's memory you used:
 6424 strings out of 493329
 95295 string characters out of 3134750
 183587 words of memory out of 3000000
 9828 multiletter control sequences out of 15000+200000
 9750 words of font info for 34 fonts, out of 3000000 for 9000
 1141 hyphenation exceptions out of 8191
 37i,8n,39p,887b,404s stack positions out of 5000i,500n,10000p,200000b,50000s
<C:/Users/Danielaa/Desktop/miktexDownl/fonts/type1/public/amsfonts/cm/cmbx12.
pfb><C:/Users/Danielaa/Desktop/miktexDownl/fonts/type1/public/amsfonts/cm/cmcsc
10.pfb><C:/Users/Danielaa/Desktop/miktexDownl/fonts/type1/public/amsfonts/cm/cm
r12.pfb><C:/Users/Danielaa/Desktop/miktexDownl/fonts/type1/public/amsfonts/cm/c
mti12.pfb>
Output written on Lab_Template.pdf (17 pages, 321928 bytes).
PDF statistics:
 208 PDF objects out of 1000 (max. 8388607)
 25 named destinations out of 1000 (max. 500000)
 154 words of extra memory for PDF output out of 10000 (max. 10000000)

